myTravelLog/build/intermediates/manifest_merge_blame_file/release/manifest-merger-blame-release-report.txt
1<?xml version="1.0" encoding="utf-8"?>
2<manifest xmlns:android="http://schemas.android.com/apk/res/android"
3    package="com.uberapps.mytravelloger"
4    android:versionCode="4"
5    android:versionName="1.3" >
6
7    <uses-sdk
8        android:minSdkVersion="21"
8-->src/main/AndroidManifest.xml
9        android:targetSdkVersion="30" />
9-->src/main/AndroidManifest.xml
10
11    <uses-permission android:name="android.permission.ACCESS_NETWORK_STATE" />
11-->src/main/AndroidManifest.xml:7:5-79
11-->src/main/AndroidManifest.xml:7:22-76
12    <uses-permission android:name="android.permission.RECEIVE_BOOT_COMPLETED" />
12-->src/main/AndroidManifest.xml:8:5-81
12-->src/main/AndroidManifest.xml:8:22-78
13
14    <application
14-->src/main/AndroidManifest.xml:10:5-39:19
15        android:allowBackup="true"
15-->src/main/AndroidManifest.xml:11:9-35
16        android:appComponentFactory="androidx.core.app.CoreComponentFactory"
16-->[androidx.core:core:1.5.0] AndroidManifest.xml:24:18-86
17        android:icon="@drawable/ic_launcher"
17-->src/main/AndroidManifest.xml:12:9-45
18        android:label="@string/app_name"
18-->src/main/AndroidManifest.xml:13:9-41
19        android:theme="@style/Theme.AppBaseTheme" >
19-->src/main/AndroidManifest.xml:14:9-50
20        <activity
20-->src/main/AndroidManifest.xml:15:9-24:20
21            android:name="com.uberapps.mytravellog.MainActivity"
21-->src/main/AndroidManifest.xml:16:13-41
22            android:exported="true"
22-->src/main/AndroidManifest.xml:19:13-36
23            android:label="@string/app_name"
23-->src/main/AndroidManifest.xml:18:13-45
24            android:theme="@style/Theme.AppBaseTheme.NoActionBar" >
24-->src/main/AndroidManifest.xml:17:13-66
25            <intent-filter>
25-->src/main/AndroidManifest.xml:20:13-23:29
26                <action android:name="android.intent.action.MAIN" />
26-->src/main/AndroidManifest.xml:21:17-69
26-->src/main/AndroidManifest.xml:21:25-66
27
28                <category android:name="android.intent.category.LAUNCHER" />
28-->src/main/AndroidManifest.xml:22:17-77
28-->src/main/AndroidManifest.xml:22:27-74
29            </intent-filter>
30        </activity>
31
32        <receiver
32-->src/main/AndroidManifest.xml:26:9-33:20
33            android:name="com.uberapps.mytravellog.MyTravelLogBroadcastReceiver"
33-->src/main/AndroidManifest.xml:26:19-63
34            android:exported="false" >
34-->src/main/AndroidManifest.xml:27:13-37
35            <intent-filter>
35-->src/main/AndroidManifest.xml:28:13-32:29
36                <action android:name="android.intent.action.BOOT_COMPLETED" />
36-->src/main/AndroidManifest.xml:29:17-79
36-->src/main/AndroidManifest.xml:29:25-76
37                <action android:name="android.intent.action.SIM_STATE_CHANGED" />
37-->src/main/AndroidManifest.xml:30:17-82
37-->src/main/AndroidManifest.xml:30:25-79
38                <!-- <action android:name="android.net.conn.CONNECTIVITY_CHANGE"/> -->
39            </intent-filter>
40        </receiver>
41
42        <service
42-->src/main/AndroidManifest.xml:35:9-38:19
43            android:name="com.uberapps.mytravellog.LogMyLocationService"
43-->src/main/AndroidManifest.xml:36:13-49
44            android:exported="false" >
44-->src/main/AndroidManifest.xml:37:13-37
45        </service>
46    </application>
47
48</manifest>